{"level":"info","message":"Server running on http://localhost:64000","timestamp":"2025-05-31 20:51:23"}
{"level":"info","message":"Server running on http://localhost:64000","timestamp":"2025-05-31 20:53:36"}
{"level":"info","message":"Server running on http://localhost:64000","timestamp":"2025-05-31 20:53:47"}
{"level":"info","message":"Server running on http://localhost:64000","timestamp":"2025-05-31 20:54:21"}
{"level":"info","message":"Server running on http://localhost:64000","timestamp":"2025-06-01 00:39:59"}
{"level":"info","message":"Endpoint: POST /auth/signup - Body: {\"email\":\"arnojoaquin17@gmail.com\",\"role\":1,\"password\":\"12345678\"} - Query: {} - Params: {}","timestamp":"2025-06-01 00:41:42"}
{"level":"info","message":"Signup attempt for email: arnojoaquin17@gmail.com","timestamp":"2025-06-01 00:41:42"}
{"level":"info","message":"Creating user with email: arnojoaquin17@gmail.com","timestamp":"2025-06-01 00:41:43"}
{"level":"info","message":"User created successfully with ID: 1","timestamp":"2025-06-01 00:41:45"}
{"code":"23505","constraint":"REL_373ead146f110f04dad6084815","detail":"Key (\"userId\")=(1) already exists.","driverError":{"code":"23505","constraint":"REL_373ead146f110f04dad6084815","detail":"Key (\"userId\")=(1) already exists.","file":"nbtinsert.c","length":225,"line":"666","name":"error","routine":"_bt_check_unique","schema":"public","severity":"ERROR","table":"auth"},"file":"nbtinsert.c","length":225,"level":"error","line":"666","message":"Error signing up user: duplicate key value violates unique constraint \"REL_373ead146f110f04dad6084815\"","parameters":["8cc8198b-c871-43bf-a4c4-4b467200e8c0:fed4e04ec652e8cee47ebdccbd6cac23d79d0613aa2fbf308e37ae283da47e92",1],"query":"INSERT INTO \"auth\"(\"password\", \"createdAt\", \"updatedAt\", \"userId\") VALUES ($1, DEFAULT, DEFAULT, $2) RETURNING \"id\", \"createdAt\", \"updatedAt\"","routine":"_bt_check_unique","schema":"public","severity":"ERROR","stack":"QueryFailedError: duplicate key value violates unique constraint \"REL_373ead146f110f04dad6084815\"\n    at PostgresQueryRunner.query (/media/joaquin/Joaquin/Proyectos/conexa-challenge/node_modules/typeorm/driver/src/driver/postgres/PostgresQueryRunner.ts:325:19)\n    at process.processTicksAndRejections (node:internal/process/task_queues:95:5)\n    at InsertQueryBuilder.execute (/media/joaquin/Joaquin/Proyectos/conexa-challenge/node_modules/typeorm/query-builder/src/query-builder/InsertQueryBuilder.ts:163:33)\n    at SubjectExecutor.executeInsertOperations (/media/joaquin/Joaquin/Proyectos/conexa-challenge/node_modules/typeorm/persistence/src/persistence/SubjectExecutor.ts:435:42)\n    at SubjectExecutor.execute (/media/joaquin/Joaquin/Proyectos/conexa-challenge/node_modules/typeorm/persistence/src/persistence/SubjectExecutor.ts:137:9)\n    at EntityPersistExecutor.execute (/media/joaquin/Joaquin/Proyectos/conexa-challenge/node_modules/typeorm/persistence/src/persistence/EntityPersistExecutor.ts:182:21)\n    at AuthService.signup (/media/joaquin/Joaquin/Proyectos/conexa-challenge/src/components/auth/auth.service.ts:76:25)\n    at AuthController.signup (/media/joaquin/Joaquin/Proyectos/conexa-challenge/src/components/auth/auth.controller.ts:27:20)","table":"auth","timestamp":"2025-06-01 00:41:46"}
{"level":"error","message":"Error signing up user","name":"InternalServerErrorException","options":{},"response":{"error":"Internal Server Error","message":"Error signing up user","statusCode":500},"stack":"InternalServerErrorException: Error signing up user\n    at AuthService.signup (/media/joaquin/Joaquin/Proyectos/conexa-challenge/src/components/auth/auth.service.ts:87:13)\n    at process.processTicksAndRejections (node:internal/process/task_queues:95:5)\n    at AuthController.signup (/media/joaquin/Joaquin/Proyectos/conexa-challenge/src/components/auth/auth.controller.ts:27:20)","status":500,"timestamp":"2025-06-01 00:41:46"}
{"level":"info","message":"Server running on http://localhost:64000","timestamp":"2025-06-01 00:44:57"}
{"level":"info","message":"Server running on http://localhost:64000","timestamp":"2025-06-01 00:45:42"}
{"level":"info","message":"Endpoint: POST /auth/signup - Body: {\"email\":\"arno@gmail.com\",\"role\":1,\"password\":\"12345678\"} - Query: {} - Params: {}","timestamp":"2025-06-01 00:46:21"}
{"level":"info","message":"Signup attempt for email: arno@gmail.com","timestamp":"2025-06-01 00:46:21"}
{"level":"info","message":"Creating user with email: arno@gmail.com","timestamp":"2025-06-01 00:46:23"}
{"level":"info","message":"User created successfully with ID: 2","timestamp":"2025-06-01 00:46:24"}
{"code":"23505","constraint":"REL_373ead146f110f04dad6084815","detail":"Key (\"userId\")=(2) already exists.","driverError":{"code":"23505","constraint":"REL_373ead146f110f04dad6084815","detail":"Key (\"userId\")=(2) already exists.","file":"nbtinsert.c","length":225,"line":"666","name":"error","routine":"_bt_check_unique","schema":"public","severity":"ERROR","table":"auth"},"file":"nbtinsert.c","length":225,"level":"error","line":"666","message":"Error signing up user: duplicate key value violates unique constraint \"REL_373ead146f110f04dad6084815\"","parameters":["253cb1cc-297c-40bc-9c63-dfee642af161:47716d9a308f2405cb46f7955decb7e3f25c96d946c5791c001fb1361a350b66",2],"query":"INSERT INTO \"auth\"(\"password\", \"createdAt\", \"updatedAt\", \"userId\") VALUES ($1, DEFAULT, DEFAULT, $2) RETURNING \"id\", \"createdAt\", \"updatedAt\"","routine":"_bt_check_unique","schema":"public","severity":"ERROR","stack":"QueryFailedError: duplicate key value violates unique constraint \"REL_373ead146f110f04dad6084815\"\n    at PostgresQueryRunner.query (/media/joaquin/Joaquin/Proyectos/conexa-challenge/node_modules/typeorm/driver/src/driver/postgres/PostgresQueryRunner.ts:325:19)\n    at process.processTicksAndRejections (node:internal/process/task_queues:95:5)\n    at InsertQueryBuilder.execute (/media/joaquin/Joaquin/Proyectos/conexa-challenge/node_modules/typeorm/query-builder/src/query-builder/InsertQueryBuilder.ts:163:33)\n    at SubjectExecutor.executeInsertOperations (/media/joaquin/Joaquin/Proyectos/conexa-challenge/node_modules/typeorm/persistence/src/persistence/SubjectExecutor.ts:435:42)\n    at SubjectExecutor.execute (/media/joaquin/Joaquin/Proyectos/conexa-challenge/node_modules/typeorm/persistence/src/persistence/SubjectExecutor.ts:137:9)\n    at EntityPersistExecutor.execute (/media/joaquin/Joaquin/Proyectos/conexa-challenge/node_modules/typeorm/persistence/src/persistence/EntityPersistExecutor.ts:182:21)\n    at AuthService.signup (/media/joaquin/Joaquin/Proyectos/conexa-challenge/src/components/auth/auth.service.ts:76:25)\n    at AuthController.signup (/media/joaquin/Joaquin/Proyectos/conexa-challenge/src/components/auth/auth.controller.ts:27:20)","table":"auth","timestamp":"2025-06-01 00:46:25"}
{"level":"error","message":"Error signing up user","name":"InternalServerErrorException","options":{},"response":{"error":"Internal Server Error","message":"Error signing up user","statusCode":500},"stack":"InternalServerErrorException: Error signing up user\n    at AuthService.signup (/media/joaquin/Joaquin/Proyectos/conexa-challenge/src/components/auth/auth.service.ts:87:13)\n    at process.processTicksAndRejections (node:internal/process/task_queues:95:5)\n    at AuthController.signup (/media/joaquin/Joaquin/Proyectos/conexa-challenge/src/components/auth/auth.controller.ts:27:20)","status":500,"timestamp":"2025-06-01 00:46:25"}
{"level":"info","message":"Server running on http://localhost:64000","timestamp":"2025-06-01 00:52:09"}
{"level":"info","message":"Endpoint: POST /auth/signup - Body: {\"email\":\"arnojoaquin@gmail.com\",\"role\":1,\"password\":\"12345678\"} - Query: {} - Params: {}","timestamp":"2025-06-01 00:52:15"}
{"level":"info","message":"Signup attempt for email: arnojoaquin@gmail.com","timestamp":"2025-06-01 00:52:15"}
{"level":"info","message":"Creating user with email: arnojoaquin@gmail.com","timestamp":"2025-06-01 00:52:15"}
{"level":"info","message":"User created successfully with ID: 3","timestamp":"2025-06-01 00:52:16"}
{"level":"info","message":"User signed up successfully with ID: 3","timestamp":"2025-06-01 00:52:16"}
{"level":"info","message":"User registered successfully","timestamp":"2025-06-01 00:52:16"}
{"level":"info","message":"Endpoint: POST /auth/signin - Body: {} - Query: {} - Params: {}","timestamp":"2025-06-01 00:53:21"}
{"level":"info","message":"Endpoint: POST /auth/signin - Body: {\"email\":\"arnojoaquin@gmail.com\",\"password\":\"12345678\"} - Query: {} - Params: {}","timestamp":"2025-06-01 00:53:58"}
{"level":"info","message":"Signin attempt for email: arnojoaquin@gmail.com","timestamp":"2025-06-01 00:53:58"}
{"level":"info","message":"Fetching user with email: arnojoaquin@gmail.com","timestamp":"2025-06-01 00:53:58"}
{"level":"info","message":"User arnojoaquin@gmail.com signed in successfully","timestamp":"2025-06-01 00:54:00"}
{"level":"info","message":"User signed in successfully","timestamp":"2025-06-01 00:54:00"}
{"level":"info","message":"Endpoint: POST /movies/sync - Body: {\"email\":\"arnojoaquin@gmail.com\",\"password\":\"12345678\"} - Query: {} - Params: {}","timestamp":"2025-06-01 00:57:20"}
{"level":"info","message":"Syncing movies from SWAPI","timestamp":"2025-06-01 00:57:20"}
{"level":"info","message":"Imported movie: A New Hope","timestamp":"2025-06-01 00:57:24"}
{"level":"info","message":"Imported movie: The Empire Strikes Back","timestamp":"2025-06-01 00:57:26"}
{"level":"info","message":"Imported movie: Return of the Jedi","timestamp":"2025-06-01 00:57:27"}
{"level":"info","message":"Imported movie: The Phantom Menace","timestamp":"2025-06-01 00:57:28"}
{"level":"info","message":"Imported movie: Attack of the Clones","timestamp":"2025-06-01 00:57:30"}
{"level":"info","message":"Imported movie: Revenge of the Sith","timestamp":"2025-06-01 00:57:31"}
{"level":"info","message":"Movie import from SWAPI completed.","timestamp":"2025-06-01 00:57:31"}
{"level":"info","message":"Endpoint: GET /movies - Body: {\"email\":\"arnojoaquin@gmail.com\",\"password\":\"12345678\"} - Query: {} - Params: {}","timestamp":"2025-06-01 00:58:11"}
{"level":"info","message":"Getting all movies","timestamp":"2025-06-01 00:58:11"}
{"level":"info","message":"Fetching all movies","timestamp":"2025-06-01 00:58:11"}
{"level":"info","message":"Endpoint: GET /movies - Body: {\"email\":\"arnojoaquin@gmail.com\",\"password\":\"12345678\"} - Query: {} - Params: {}","timestamp":"2025-06-01 00:59:31"}
{"level":"info","message":"Getting all movies","timestamp":"2025-06-01 00:59:31"}
{"level":"info","message":"Fetching all movies","timestamp":"2025-06-01 00:59:31"}
{"level":"info","message":"Endpoint: DELETE /movies/1 - Body: {\"email\":\"arnojoaquin@gmail.com\",\"password\":\"12345678\"} - Query: {} - Params: {\"id\":\"1\"}","timestamp":"2025-06-01 00:59:43"}
{"level":"info","message":"Deleting movie with id 1","timestamp":"2025-06-01 00:59:43"}
{"level":"info","message":"Removing movie with id: 1","timestamp":"2025-06-01 00:59:43"}
{"level":"info","message":"Movie with id 1 removed successfully","timestamp":"2025-06-01 00:59:46"}
{"level":"info","message":"Endpoint: GET /movies - Body: {\"email\":\"arnojoaquin@gmail.com\",\"password\":\"12345678\"} - Query: {} - Params: {}","timestamp":"2025-06-01 00:59:57"}
{"level":"info","message":"Getting all movies","timestamp":"2025-06-01 00:59:57"}
{"level":"info","message":"Fetching all movies","timestamp":"2025-06-01 00:59:57"}
{"level":"info","message":"Endpoint: PUT /movies/2 - Body: {\"title\":\"The Empire Strikes Back (test)\"} - Query: {} - Params: {\"id\":\"2\"}","timestamp":"2025-06-01 01:01:03"}
{"level":"info","message":"Updating movie with id 2","timestamp":"2025-06-01 01:01:03"}
{"level":"info","message":"Updating movie with id: 2","timestamp":"2025-06-01 01:01:03"}
{"level":"info","message":"Endpoint: GET /movies - Body: {\"title\":\"The Empire Strikes Back (test)\"} - Query: {} - Params: {}","timestamp":"2025-06-01 01:01:49"}
{"level":"info","message":"Getting all movies","timestamp":"2025-06-01 01:01:49"}
{"level":"info","message":"Fetching all movies","timestamp":"2025-06-01 01:01:49"}
{"level":"info","message":"Endpoint: PUT /movies/2 - Body: {\"title\":\"The Empire Strikes Back\"} - Query: {} - Params: {\"id\":\"2\"}","timestamp":"2025-06-01 01:02:19"}
{"level":"info","message":"Updating movie with id 2","timestamp":"2025-06-01 01:02:19"}
{"level":"info","message":"Updating movie with id: 2","timestamp":"2025-06-01 01:02:19"}
{"level":"info","message":"Server running on http://localhost:64000","timestamp":"2025-06-01 01:04:28"}
{"level":"info","message":"Server running on http://localhost:64000","timestamp":"2025-06-01 01:05:00"}
{"level":"info","message":"Server running on http://localhost:64000","timestamp":"2025-06-01 01:05:19"}
{"level":"info","message":"Server running on http://localhost:64000","timestamp":"2025-06-01 01:05:37"}
{"level":"info","message":"Server running on http://localhost:64000","timestamp":"2025-06-01 01:06:03"}
{"level":"info","message":"Server running on http://localhost:64000","timestamp":"2025-06-01 01:07:02"}
{"level":"info","message":"Server running on http://localhost:64000","timestamp":"2025-06-01 01:07:12"}
{"level":"info","message":"Server running on http://localhost:64000","timestamp":"2025-06-01 01:07:47"}
{"level":"info","message":"Server running on http://localhost:64000","timestamp":"2025-06-01 01:07:56"}
{"level":"info","message":"Server running on http://localhost:64000","timestamp":"2025-06-01 01:08:41"}
{"level":"info","message":"Server running on http://localhost:64000","timestamp":"2025-06-01 01:08:52"}
{"level":"info","message":"Server running on http://localhost:64000","timestamp":"2025-06-01 01:09:00"}
{"level":"info","message":"Endpoint: GET /user - Body: {\"title\":\"The Empire Strikes Back\"} - Query: {} - Params: {}","timestamp":"2025-06-01 01:09:49"}
{"level":"info","message":"Fetching all users","timestamp":"2025-06-01 01:09:49"}
{"level":"info","message":"All users fetched","timestamp":"2025-06-01 01:09:49"}
{"level":"info","message":"Endpoint: GET /user - Body: {} - Query: {} - Params: {}","timestamp":"2025-06-01 01:10:13"}
{"level":"info","message":"Fetching all users","timestamp":"2025-06-01 01:10:13"}
{"level":"info","message":"All users fetched","timestamp":"2025-06-01 01:10:13"}
{"level":"info","message":"Endpoint: GET /user/1 - Body: {} - Query: {} - Params: {\"id\":\"1\"}","timestamp":"2025-06-01 01:10:22"}
{"level":"info","message":"Fetching user with ID: 1","timestamp":"2025-06-01 01:10:22"}
{"level":"info","message":"User with id 1 found","timestamp":"2025-06-01 01:10:22"}
{"level":"info","message":"Endpoint: GET /movies - Body: {} - Query: {} - Params: {}","timestamp":"2025-06-01 01:12:38"}
{"level":"info","message":"Fetching all movies","timestamp":"2025-06-01 01:12:38"}
{"level":"info","message":"All movies fetched","timestamp":"2025-06-01 01:12:38"}
{"level":"info","message":"Endpoint: GET /movies - Body: {} - Query: {} - Params: {}","timestamp":"2025-06-01 01:12:46"}
{"level":"info","message":"Fetching all movies","timestamp":"2025-06-01 01:12:46"}
{"level":"info","message":"All movies fetched","timestamp":"2025-06-01 01:12:46"}
{"level":"info","message":"Endpoint: GET /movies - Body: {\"email\":\"arnojoaquin@gmail.com\",\"role\":1,\"password\":\"12345678\"} - Query: {} - Params: {}","timestamp":"2025-06-01 01:13:15"}
{"level":"info","message":"Fetching all movies","timestamp":"2025-06-01 01:13:15"}
{"level":"info","message":"All movies fetched","timestamp":"2025-06-01 01:13:15"}
{"level":"info","message":"Endpoint: GET /movies - Body: {} - Query: {} - Params: {}","timestamp":"2025-06-01 01:13:40"}
{"level":"info","message":"Fetching all movies","timestamp":"2025-06-01 01:13:40"}
{"level":"info","message":"All movies fetched","timestamp":"2025-06-01 01:13:40"}
{"level":"info","message":"Server running on http://localhost:64000","timestamp":"2025-06-01 01:14:24"}
{"level":"info","message":"Endpoint: GET /movies - Body: {} - Query: {} - Params: {}","timestamp":"2025-06-01 01:14:26"}
{"level":"info","message":"All movies fetched","timestamp":"2025-06-01 01:14:26"}
{"level":"info","message":"Fetching all movies","timestamp":"2025-06-01 01:14:26"}
{"level":"info","message":"Server running on http://localhost:64000","timestamp":"2025-06-01 01:14:51"}
{"level":"info","message":"Server running on http://localhost:64000","timestamp":"2025-06-01 01:16:16"}
{"level":"info","message":"Server running on http://localhost:64000","timestamp":"2025-06-01 01:16:24"}
{"level":"info","message":"Server running on http://localhost:64000","timestamp":"2025-06-01 01:16:55"}
{"level":"info","message":"Server running on http://localhost:64000","timestamp":"2025-06-01 01:17:16"}
{"level":"info","message":"Server running on http://localhost:64000","timestamp":"2025-06-01 01:17:32"}
{"level":"info","message":"Server running on http://localhost:64000","timestamp":"2025-06-01 01:18:40"}
{"level":"info","message":"Server running on http://localhost:64000","timestamp":"2025-06-01 01:18:51"}
{"level":"info","message":"Endpoint: GET /movies - Body: {} - Query: {} - Params: {}","timestamp":"2025-06-01 01:18:55"}
{"level":"info","message":"Fetching all movies","timestamp":"2025-06-01 01:18:55"}
{"level":"info","message":"All movies fetched","timestamp":"2025-06-01 01:18:55"}
{"level":"info","message":"Server running on http://localhost:64000","timestamp":"2025-06-01 01:19:26"}
{"level":"info","message":"Endpoint: GET /user - Body: {} - Query: {} - Params: {}","timestamp":"2025-06-01 01:20:37"}
{"level":"info","message":"Fetching all users","timestamp":"2025-06-01 01:20:37"}
{"level":"info","message":"All users fetched","timestamp":"2025-06-01 01:20:37"}
{"level":"info","message":"Server running on http://localhost:64000","timestamp":"2025-06-01 01:21:02"}
{"level":"info","message":"Server running on http://localhost:64000","timestamp":"2025-06-01 01:21:19"}
{"level":"info","message":"Server running on http://localhost:64000","timestamp":"2025-06-01 01:21:45"}
{"level":"info","message":"Server running on http://localhost:64000","timestamp":"2025-06-01 01:22:10"}
{"level":"info","message":"Server running on http://localhost:64000","timestamp":"2025-06-01 01:22:39"}
{"level":"info","message":"Server running on http://localhost:64000","timestamp":"2025-06-01 01:23:09"}
{"level":"info","message":"Server running on http://localhost:64000","timestamp":"2025-06-01 01:23:48"}
{"level":"info","message":"Server running on http://localhost:64000","timestamp":"2025-06-01 01:24:09"}
{"level":"info","message":"Server running on http://localhost:64000","timestamp":"2025-06-01 01:24:45"}
{"level":"info","message":"Endpoint: GET /user - Body: {} - Query: {} - Params: {}","timestamp":"2025-06-01 01:24:59"}
{"level":"info","message":"Fetching all users","timestamp":"2025-06-01 01:24:59"}
{"level":"info","message":"Fetching all users","timestamp":"2025-06-01 01:24:59"}
{"level":"info","message":"Endpoint: GET /user/3 - Body: {} - Query: {} - Params: {\"id\":\"3\"}","timestamp":"2025-06-01 01:25:25"}
{"level":"info","message":"Fetching User with id 3","timestamp":"2025-06-01 01:25:25"}
{"level":"info","message":"Fetching user with ID: 3","timestamp":"2025-06-01 01:25:25"}
{"level":"info","message":"Endpoint: PUT /user/3 - Body: {\"role\":2} - Query: {} - Params: {\"id\":\"3\"}","timestamp":"2025-06-01 01:25:51"}
{"level":"info","message":"Updating user with ID 3","timestamp":"2025-06-01 01:25:51"}
{"level":"info","message":"Updating user with ID: 3","timestamp":"2025-06-01 01:25:51"}
{"level":"info","message":"Endpoint: PUT /movies/3 - Body: {\"role\":2} - Query: {} - Params: {\"id\":\"3\"}","timestamp":"2025-06-01 01:26:30"}
{"level":"info","message":"Updating movie with id 3","timestamp":"2025-06-01 01:26:30"}
{"level":"info","message":"Updating movie with id: 3","timestamp":"2025-06-01 01:26:30"}
{"level":"info","message":"Endpoint: DELETE /movies/3 - Body: {\"role\":2} - Query: {} - Params: {\"id\":\"3\"}","timestamp":"2025-06-01 01:27:00"}
{"level":"info","message":"Deleting movie with id 3","timestamp":"2025-06-01 01:27:00"}
{"level":"info","message":"Removing movie with id: 3","timestamp":"2025-06-01 01:27:00"}
{"level":"info","message":"Movie with id 3 removed successfully","timestamp":"2025-06-01 01:27:02"}
{"level":"info","message":"Endpoint: GET /user/3 - Body: {\"role\":2} - Query: {} - Params: {\"id\":\"3\"}","timestamp":"2025-06-01 01:27:34"}
{"level":"info","message":"Fetching User with id 3","timestamp":"2025-06-01 01:27:34"}
{"level":"info","message":"Fetching user with ID: 3","timestamp":"2025-06-01 01:27:34"}
{"level":"info","message":"Endpoint: POST /auth/signin - Body: {\"email\":\"arnojoaquin@gmail.com\",\"password\":\"12345678\"} - Query: {} - Params: {}","timestamp":"2025-06-01 01:29:08"}
{"level":"info","message":"Signin attempt for email: arnojoaquin@gmail.com","timestamp":"2025-06-01 01:29:08"}
{"level":"info","message":"Fetching user with email: arnojoaquin@gmail.com","timestamp":"2025-06-01 01:29:08"}
{"level":"info","message":"User arnojoaquin@gmail.com signed in successfully","timestamp":"2025-06-01 01:29:10"}
{"level":"info","message":"User signed in successfully","timestamp":"2025-06-01 01:29:10"}
{"level":"info","message":"Server running on http://localhost:64000","timestamp":"2025-06-01 01:31:39"}
{"level":"info","message":"Server running on http://localhost:64000","timestamp":"2025-06-01 01:32:12"}
{"level":"info","message":"Server running on http://localhost:64000","timestamp":"2025-06-01 01:32:52"}
{"level":"info","message":"Server running on http://localhost:64000","timestamp":"2025-06-01 01:33:56"}
{"level":"info","message":"Endpoint: PUT /user/3 - Body: {\"role\":1} - Query: {} - Params: {\"id\":\"3\"}","timestamp":"2025-06-01 01:34:32"}
{"level":"info","message":"Updating user with id 3","timestamp":"2025-06-01 01:34:32"}
{"level":"info","message":"Updating user with ID: 3","timestamp":"2025-06-01 01:34:32"}
{"level":"info","message":"Endpoint: POST /auth/signin - Body: {\"email\":\"arnojoaquin@gmail.com\",\"password\":\"12345678\"} - Query: {} - Params: {}","timestamp":"2025-06-01 01:35:03"}
{"level":"info","message":"Signin attempt for email: arnojoaquin@gmail.com","timestamp":"2025-06-01 01:35:03"}
{"level":"info","message":"Fetching user with email: arnojoaquin@gmail.com","timestamp":"2025-06-01 01:35:03"}
{"level":"info","message":"User arnojoaquin@gmail.com signed in successfully","timestamp":"2025-06-01 01:35:05"}
{"level":"info","message":"User signed in successfully","timestamp":"2025-06-01 01:35:05"}
{"level":"info","message":"Endpoint: POST /movies/sync - Body: {\"email\":\"arnojoaquin@gmail.com\",\"password\":\"12345678\"} - Query: {} - Params: {}","timestamp":"2025-06-01 01:35:46"}
{"level":"info","message":"Syncing movies from SWAPI","timestamp":"2025-06-01 01:35:46"}
{"level":"info","message":"Imported movie: A New Hope","timestamp":"2025-06-01 01:35:50"}
{"level":"info","message":"Imported movie: Return of the Jedi","timestamp":"2025-06-01 01:35:52"}
{"level":"info","message":"Movie import from SWAPI completed.","timestamp":"2025-06-01 01:35:55"}
{"level":"info","message":"Endpoint: DELETE /movies/1 - Body: {\"email\":\"arnojoaquin@gmail.com\",\"password\":\"12345678\"} - Query: {} - Params: {\"id\":\"1\"}","timestamp":"2025-06-01 01:36:06"}
{"level":"info","message":"Deleting movie with id 1","timestamp":"2025-06-01 01:36:06"}
{"level":"info","message":"Removing movie with id: 1","timestamp":"2025-06-01 01:36:06"}
{"level":"warn","message":"Movie with id 1 not found","timestamp":"2025-06-01 01:36:07"}
{"level":"info","message":"Endpoint: GET /movies - Body: {\"email\":\"arnojoaquin@gmail.com\",\"password\":\"12345678\"} - Query: {} - Params: {}","timestamp":"2025-06-01 01:36:18"}
{"level":"info","message":"Getting all movies","timestamp":"2025-06-01 01:36:18"}
{"level":"info","message":"Fetching all movies","timestamp":"2025-06-01 01:36:18"}
{"level":"info","message":"Endpoint: DELETE /movies/4 - Body: {\"email\":\"arnojoaquin@gmail.com\",\"password\":\"12345678\"} - Query: {} - Params: {\"id\":\"4\"}","timestamp":"2025-06-01 01:36:42"}
{"level":"info","message":"Deleting movie with id 4","timestamp":"2025-06-01 01:36:42"}
{"level":"info","message":"Removing movie with id: 4","timestamp":"2025-06-01 01:36:42"}
{"level":"info","message":"Movie with id 4 removed successfully","timestamp":"2025-06-01 01:36:43"}
{"level":"info","message":"Server running on http://localhost:64000","timestamp":"2025-06-01 01:37:33"}
{"level":"info","message":"Server running on http://localhost:64000","timestamp":"2025-06-01 01:37:44"}
{"level":"info","message":"Endpoint: DELETE /movies/6 - Body: {\"email\":\"arnojoaquin@gmail.com\",\"password\":\"12345678\"} - Query: {} - Params: {\"id\":\"6\"}","timestamp":"2025-06-01 01:37:52"}
{"level":"info","message":"Deleting movie with id 6","timestamp":"2025-06-01 01:37:52"}
{"level":"info","message":"Removing movie with id: 6","timestamp":"2025-06-01 01:37:52"}
{"level":"info","message":"Movie with id 6 removed successfully","timestamp":"2025-06-01 01:37:53"}
{"level":"info","message":"Server running on http://localhost:64000","timestamp":"2025-06-01 01:38:14"}
